danaAbadiUI/build/outputs/logs/manifest-merger-release-report.txt
-- Merging decision tree log ---
manifest
ADDED from src\main\AndroidManifest.xml:2:1-128:12
	package
		ADDED from src\main\AndroidManifest.xml:3:5-45
		INJECTED from src\main\AndroidManifest.xml
		INJECTED from src\main\AndroidManifest.xml
	android:versionName
		ADDED from src\main\AndroidManifest.xml:5:5-30
	android:versionCode
		ADDED from src\main\AndroidManifest.xml:4:5-28
		INJECTED from src\main\AndroidManifest.xml
		INJECTED from src\main\AndroidManifest.xml
	xmlns:android
		ADDED from src\main\AndroidManifest.xml:2:11-69
uses-sdk
ADDED from src\main\AndroidManifest.xml:7:5-9:41
MERGED from [RCS-DA-UI:libraryAppCompatCardview:unspecified] AndroidManifest.xml:20:5-22:41
MERGED from [RCS-DA-UI:androidBootstrap:unspecified] AndroidManifest.xml:7:5-9:41
MERGED from [com.android.support:support-v4:22.2.1] AndroidManifest.xml:20:5-43
MERGED from [com.android.support:support-v4:22.2.1] AndroidManifest.xml:20:5-43
MERGED from [com.android.support:appcompat-v7:21.0.3] AndroidManifest.xml:15:5-42
MERGED from [com.android.support:support-v4:22.2.1] AndroidManifest.xml:20:5-43
MERGED from [com.facebook.android:facebook-android-sdk:4.6.0] AndroidManifest.xml:24:5-26:41
MERGED from [com.android.support:support-v4:22.2.1] AndroidManifest.xml:20:5-43
MERGED from [jp.wasabeef:blurry:1.0.4] AndroidManifest.xml:8:5-10:41
	android:targetSdkVersion
		ADDED from src\main\AndroidManifest.xml:9:9-38
		INJECTED from src\main\AndroidManifest.xml
		INJECTED from src\main\AndroidManifest.xml
	android:minSdkVersion
		ADDED from src\main\AndroidManifest.xml:8:9-35
		INJECTED from src\main\AndroidManifest.xml
		INJECTED from src\main\AndroidManifest.xml
uses-permission#android.permission.INTERNET
ADDED from src\main\AndroidManifest.xml:11:5-67
	android:name
		ADDED from src\main\AndroidManifest.xml:11:22-64
uses-permission#android.permission.WRITE_EXTERNAL_STORAGE
ADDED from src\main\AndroidManifest.xml:12:5-81
	android:name
		ADDED from src\main\AndroidManifest.xml:12:22-78
uses-permission#android.permission.READ_PHONE_STATE
ADDED from src\main\AndroidManifest.xml:14:5-75
	android:name
		ADDED from src\main\AndroidManifest.xml:14:22-72
uses-permission#android.permission.READ_EXTERNAL_STORAGE
ADDED from src\main\AndroidManifest.xml:15:5-80
	android:name
		ADDED from src\main\AndroidManifest.xml:15:22-77
application
ADDED from src\main\AndroidManifest.xml:17:5-126:19
MERGED from [RCS-DA-UI:libraryAppCompatCardview:unspecified] AndroidManifest.xml:24:5-20
MERGED from [RCS-DA-UI:androidBootstrap:unspecified] AndroidManifest.xml:11:5-20
MERGED from [com.android.support:support-v4:22.2.1] AndroidManifest.xml:22:5-20
MERGED from [com.android.support:support-v4:22.2.1] AndroidManifest.xml:22:5-20
MERGED from [com.android.support:appcompat-v7:21.0.3] AndroidManifest.xml:16:5-19
MERGED from [com.android.support:support-v4:22.2.1] AndroidManifest.xml:22:5-20
MERGED from [com.facebook.android:facebook-android-sdk:4.6.0] AndroidManifest.xml:28:5-20
MERGED from [com.android.support:support-v4:22.2.1] AndroidManifest.xml:22:5-20
	android:screenOrientation
		ADDED from src\main\AndroidManifest.xml:21:9-45
	android:label
		ADDED from src\main\AndroidManifest.xml:20:9-41
	android:allowBackup
		ADDED from src\main\AndroidManifest.xml:18:9-35
	android:icon
		ADDED from src\main\AndroidManifest.xml:19:9-45
	android:theme
		ADDED from src\main\AndroidManifest.xml:22:9-40
activity#ui.tech.sahabatmakara.activity.Activity_Splashscreen
ADDED from src\main\AndroidManifest.xml:23:9-31:20
	android:label
		ADDED from src\main\AndroidManifest.xml:25:13-45
	android:name
		ADDED from src\main\AndroidManifest.xml:24:13-50
intent-filter#android.intent.action.MAIN+android.intent.category.LAUNCHER
ADDED from src\main\AndroidManifest.xml:26:13-30:29
action#android.intent.action.MAIN
ADDED from src\main\AndroidManifest.xml:27:17-69
	android:name
		ADDED from src\main\AndroidManifest.xml:27:25-66
category#android.intent.category.LAUNCHER
ADDED from src\main\AndroidManifest.xml:29:17-77
	android:name
		ADDED from src\main\AndroidManifest.xml:29:27-74
activity#ui.tech.sahabatmakara.activity.Activity_MenuSlider
ADDED from src\main\AndroidManifest.xml:32:9-35:51
	android:screenOrientation
		ADDED from src\main\AndroidManifest.xml:34:13-49
	android:theme
		ADDED from src\main\AndroidManifest.xml:35:13-48
	android:name
		ADDED from src\main\AndroidManifest.xml:33:13-48
activity#ui.tech.sahabatmakara.activity.Activity_Content
ADDED from src\main\AndroidManifest.xml:36:9-39:51
	android:screenOrientation
		ADDED from src\main\AndroidManifest.xml:39:13-49
	android:immersive
		ADDED from src\main\AndroidManifest.xml:38:13-37
	android:name
		ADDED from src\main\AndroidManifest.xml:37:13-45
activity#ui.tech.sahabatmakara.activity.Activity_ViewImage
ADDED from src\main\AndroidManifest.xml:40:9-43:40
	android:screenOrientation
		ADDED from src\main\AndroidManifest.xml:42:13-49
	android:immersive
		ADDED from src\main\AndroidManifest.xml:43:13-37
	android:name
		ADDED from src\main\AndroidManifest.xml:41:13-47
activity#ui.tech.sahabatmakara.activity.Activity_DetailEvent
ADDED from src\main\AndroidManifest.xml:44:9-47:51
	android:screenOrientation
		ADDED from src\main\AndroidManifest.xml:46:13-49
	android:theme
		ADDED from src\main\AndroidManifest.xml:47:13-48
	android:name
		ADDED from src\main\AndroidManifest.xml:45:13-49
activity#ui.tech.sahabatmakara.activity.Activity_DetailNews
ADDED from src\main\AndroidManifest.xml:48:9-51:51
	android:screenOrientation
		ADDED from src\main\AndroidManifest.xml:50:13-49
	android:theme
		ADDED from src\main\AndroidManifest.xml:51:13-48
	android:name
		ADDED from src\main\AndroidManifest.xml:49:13-48
activity#ui.tech.sahabatmakara.activity.Activity_DetailProgram
ADDED from src\main\AndroidManifest.xml:52:9-55:51
	android:screenOrientation
		ADDED from src\main\AndroidManifest.xml:54:13-49
	android:theme
		ADDED from src\main\AndroidManifest.xml:55:13-48
	android:name
		ADDED from src\main\AndroidManifest.xml:53:13-51
activity#ui.tech.sahabatmakara.activity.Activity_Donate_Program
ADDED from src\main\AndroidManifest.xml:56:9-60:51
	android:screenOrientation
		ADDED from src\main\AndroidManifest.xml:59:13-49
	android:configChanges
		ADDED from src\main\AndroidManifest.xml:58:13-51
	android:theme
		ADDED from src\main\AndroidManifest.xml:60:13-48
	android:name
		ADDED from src\main\AndroidManifest.xml:57:13-52
activity#ui.tech.sahabatmakara.activity.Activity_Setting_Account_View
ADDED from src\main\AndroidManifest.xml:61:9-64:51
	android:windowSoftInputMode
		ADDED from src\main\AndroidManifest.xml:63:13-54
	android:theme
		ADDED from src\main\AndroidManifest.xml:64:13-48
	android:name
		ADDED from src\main\AndroidManifest.xml:62:13-58
activity#ui.tech.sahabatmakara.activity.Activity_Setting_Account_Edit
ADDED from src\main\AndroidManifest.xml:65:9-68:51
	android:screenOrientation
		ADDED from src\main\AndroidManifest.xml:67:13-49
	android:theme
		ADDED from src\main\AndroidManifest.xml:68:13-48
	android:name
		ADDED from src\main\AndroidManifest.xml:66:13-58
activity#ui.tech.sahabatmakara.activity.Activity_Login
ADDED from src\main\AndroidManifest.xml:69:9-72:51
	android:screenOrientation
		ADDED from src\main\AndroidManifest.xml:71:13-49
	android:theme
		ADDED from src\main\AndroidManifest.xml:72:13-48
	android:name
		ADDED from src\main\AndroidManifest.xml:70:13-43
activity#ui.tech.sahabatmakara.activity.Activity_Signup
ADDED from src\main\AndroidManifest.xml:73:9-76:51
	android:screenOrientation
		ADDED from src\main\AndroidManifest.xml:75:13-49
	android:theme
		ADDED from src\main\AndroidManifest.xml:76:13-48
	android:name
		ADDED from src\main\AndroidManifest.xml:74:13-44
activity#ui.tech.sahabatmakara.activity.Activity_Donate_Donasi
ADDED from src\main\AndroidManifest.xml:77:9-80:51
	android:screenOrientation
		ADDED from src\main\AndroidManifest.xml:79:13-49
	android:theme
		ADDED from src\main\AndroidManifest.xml:80:13-48
	android:name
		ADDED from src\main\AndroidManifest.xml:78:13-51
activity#ui.tech.sahabatmakara.activity.Activity_Selesai_Transfer
ADDED from src\main\AndroidManifest.xml:82:9-85:51
	android:screenOrientation
		ADDED from src\main\AndroidManifest.xml:84:13-49
	android:theme
		ADDED from src\main\AndroidManifest.xml:85:13-48
	android:name
		ADDED from src\main\AndroidManifest.xml:83:13-54
activity#ui.tech.sahabatmakara.activity.Activity_Selesai_KartuKredit
ADDED from src\main\AndroidManifest.xml:87:9-90:51
	android:screenOrientation
		ADDED from src\main\AndroidManifest.xml:89:13-49
	android:theme
		ADDED from src\main\AndroidManifest.xml:90:13-48
	android:name
		ADDED from src\main\AndroidManifest.xml:88:13-57
activity#ui.tech.sahabatmakara.activity.Activity_Selesai_JemputDana
ADDED from src\main\AndroidManifest.xml:92:9-95:51
	android:screenOrientation
		ADDED from src\main\AndroidManifest.xml:94:13-49
	android:theme
		ADDED from src\main\AndroidManifest.xml:95:13-48
	android:name
		ADDED from src\main\AndroidManifest.xml:93:13-56
activity#ui.tech.sahabatmakara.activity.Activity_Selesai_UploadFoto
ADDED from src\main\AndroidManifest.xml:97:9-100:47
	android:screenOrientation
		ADDED from src\main\AndroidManifest.xml:99:13-49
	android:theme
		ADDED from src\main\AndroidManifest.xml:100:9-44
	android:name
		ADDED from src\main\AndroidManifest.xml:98:9-52
activity#ui.tech.sahabatmakara.activity.Activity_TentangKami
ADDED from src\main\AndroidManifest.xml:102:9-105:51
	android:screenOrientation
		ADDED from src\main\AndroidManifest.xml:104:13-49
	android:theme
		ADDED from src\main\AndroidManifest.xml:105:13-48
	android:name
		ADDED from src\main\AndroidManifest.xml:103:13-49
activity#ui.tech.sahabatmakara.activity.Activity_Webview
ADDED from src\main\AndroidManifest.xml:107:9-110:51
	android:screenOrientation
		ADDED from src\main\AndroidManifest.xml:109:13-49
	android:theme
		ADDED from src\main\AndroidManifest.xml:110:13-48
	android:name
		ADDED from src\main\AndroidManifest.xml:108:13-45
activity#ui.tech.sahabatmakara.activity.UploadImageDialog
ADDED from src\main\AndroidManifest.xml:112:9-115:50
	android:screenOrientation
		ADDED from src\main\AndroidManifest.xml:114:13-49
	android:theme
		ADDED from src\main\AndroidManifest.xml:115:13-47
	android:name
		ADDED from src\main\AndroidManifest.xml:113:13-46
meta-data#com.facebook.sdk.ApplicationId
ADDED from src\main\AndroidManifest.xml:117:9-119:50
	android:value
		ADDED from src\main\AndroidManifest.xml:119:13-47
	android:name
		ADDED from src\main\AndroidManifest.xml:118:13-58
activity#com.facebook.FacebookActivity
ADDED from src\main\AndroidManifest.xml:121:9-125:75
	android:label
		ADDED from src\main\AndroidManifest.xml:124:13-45
	android:configChanges
		ADDED from src\main\AndroidManifest.xml:123:13-96
	android:theme
		ADDED from src\main\AndroidManifest.xml:125:13-72
	android:name
		ADDED from src\main\AndroidManifest.xml:122:13-57